
=== Limpando temporários ===
C:\Users\Usuario\AppData\Local\Temp\27e0bd27-9b03-4f75-bccb-5fcea64510fb.tmp
O arquivo já está sendo usado por outro processo.
C:\Users\Usuario\AppData\Local\Temp\33c8f915-a2e3-4a81-8286-7c39cc414937.tmp
O arquivo já está sendo usado por outro processo.
C:\Users\Usuario\AppData\Local\Temp\450a0fb9-4070-4dd5-998b-ee8e3392ca5f.tmp
O arquivo já está sendo usado por outro processo.
C:\Users\Usuario\AppData\Local\Temp\7ca390ae-a846-4ee5-a3cb-775aa4a52ae9.tmp
O arquivo já está sendo usado por outro processo.
C:\Users\Usuario\AppData\Local\Temp\9302d7ed-8a95-45eb-817a-e0313f782675.tmp
O arquivo já está sendo usado por outro processo.
C:\Users\Usuario\AppData\Local\Temp\ab465b4f-5365-440e-9303-3118329d1bc5.tmp
O arquivo já está sendo usado por outro processo.
Arquivo excluído - C:\Users\Usuario\AppData\Local\Temp\cv_debug.log
C:\Users\Usuario\AppData\Local\Temp\d144f0f7-aab3-4f8e-b0f1-18fcb728c591.tmp
O arquivo já está sendo usado por outro processo.
C:\Users\Usuario\AppData\Local\Temp\d59b0408-7e23-428a-97b1-085bda328755.tmp
O arquivo já está sendo usado por outro processo.
C:\Users\Usuario\AppData\Local\Temp\db8e5cc6-b79c-4c26-b13c-f750702f02c5.tmp
O arquivo já está sendo usado por outro processo.
C:\Users\Usuario\AppData\Local\Temp\f6fd8e8d-65bf-4bb2-a698-be385b5a2725.tmp
O arquivo já está sendo usado por outro processo.
C:\Users\Usuario\AppData\Local\Temp\feb474ae-da39-421f-b2f8-8eaaf91aedaf.tmp
O arquivo já está sendo usado por outro processo.
C:\Users\Usuario\AppData\Local\Temp\kdsingleapp-1-owncloud.exe.lock
O arquivo já está sendo usado por outro processo.
Arquivo excluído - C:\Users\Usuario\AppData\Local\Temp\NotifyIconGeneratedAumid_1568035057271613451.png

=== Ajustando efeitos visuais ===
A operação foi concluída com êxito.

=== Desativando Game Mode e Game Bar ===
A operação foi concluída com êxito.

=== Desativando transparências ===
A operação foi concluída com êxito.

=== Executando MassGrave ===

=== Limpando temporários ===
C:\Users\Usuario\AppData\Local\Temp\27e0bd27-9b03-4f75-bccb-5fcea64510fb.tmp
O arquivo j  est  sendo usado por outro processo.
C:\Users\Usuario\AppData\Local\Temp\33c8f915-a2e3-4a81-8286-7c39cc414937.tmp
O arquivo j  est  sendo usado por outro processo.
C:\Users\Usuario\AppData\Local\Temp\450a0fb9-4070-4dd5-998b-ee8e3392ca5f.tmp
O arquivo j  est  sendo usado por outro processo.
C:\Users\Usuario\AppData\Local\Temp\7ca390ae-a846-4ee5-a3cb-775aa4a52ae9.tmp
O arquivo j  est  sendo usado por outro processo.
C:\Users\Usuario\AppData\Local\Temp\9302d7ed-8a95-45eb-817a-e0313f782675.tmp
O arquivo j  est  sendo usado por outro processo.
C:\Users\Usuario\AppData\Local\Temp\aa077449-6a8d-433c-b455-52c3b0c598c4.tmp
O arquivo j  est  sendo usado por outro processo.
C:\Users\Usuario\AppData\Local\Temp\ab465b4f-5365-440e-9303-3118329d1bc5.tmp
O arquivo j  est  sendo usado por outro processo.
C:\Users\Usuario\AppData\Local\Temp\b00cb378-be37-45f9-b6e9-92c818e373be.tmp
O arquivo j  est  sendo usado por outro processo.
C:\Users\Usuario\AppData\Local\Temp\d144f0f7-aab3-4f8e-b0f1-18fcb728c591.tmp
O arquivo j  est  sendo usado por outro processo.
C:\Users\Usuario\AppData\Local\Temp\d59b0408-7e23-428a-97b1-085bda328755.tmp
O arquivo j  est  sendo usado por outro processo.
C:\Users\Usuario\AppData\Local\Temp\db8e5cc6-b79c-4c26-b13c-f750702f02c5.tmp
O arquivo j  est  sendo usado por outro processo.
C:\Users\Usuario\AppData\Local\Temp\f6fd8e8d-65bf-4bb2-a698-be385b5a2725.tmp
O arquivo j  est  sendo usado por outro processo.
C:\Users\Usuario\AppData\Local\Temp\feb474ae-da39-421f-b2f8-8eaaf91aedaf.tmp
O arquivo j  est  sendo usado por outro processo.
C:\Users\Usuario\AppData\Local\Temp\kdsingleapp-1-owncloud.exe.lock
O arquivo j  est  sendo usado por outro processo.
Informações do sistema ainda não implementado.

=== Executando MassGrave ===

=== Abrindo PowerShell com MassGrave ===

=== Abrindo PowerShell com MassGrave ===

=== Abrindo PowerShell com MassGrave ===
Abrindo Microsoft Activation Scripts (MassGrave)...
Abrindo Microsoft Activation Scripts (MassGrave)...
Abrindo Microsoft Activation Scripts (MAS)...
Abrindo Microsoft Activation Scripts (MAS)...

=== Limpando temporários ===
C:\Users\Usuario\AppData\Local\Temp\064f4218-5251-4a58-97e5-64ef625d2572.tmp
O arquivo j  est  sendo usado por outro processo.
C:\Users\Usuario\AppData\Local\Temp\27e0bd27-9b03-4f75-bccb-5fcea64510fb.tmp
O arquivo j  est  sendo usado por outro processo.
C:\Users\Usuario\AppData\Local\Temp\33c8f915-a2e3-4a81-8286-7c39cc414937.tmp
O arquivo j  est  sendo usado por outro processo.
C:\Users\Usuario\AppData\Local\Temp\450a0fb9-4070-4dd5-998b-ee8e3392ca5f.tmp
O arquivo j  est  sendo usado por outro processo.
C:\Users\Usuario\AppData\Local\Temp\7ca390ae-a846-4ee5-a3cb-775aa4a52ae9.tmp
O arquivo j  est  sendo usado por outro processo.
C:\Users\Usuario\AppData\Local\Temp\ab465b4f-5365-440e-9303-3118329d1bc5.tmp
O arquivo j  est  sendo usado por outro processo.
C:\Users\Usuario\AppData\Local\Temp\b00cb378-be37-45f9-b6e9-92c818e373be.tmp
O arquivo j  est  sendo usado por outro processo.
C:\Users\Usuario\AppData\Local\Temp\d144f0f7-aab3-4f8e-b0f1-18fcb728c591.tmp
O arquivo j  est  sendo usado por outro processo.
C:\Users\Usuario\AppData\Local\Temp\d59b0408-7e23-428a-97b1-085bda328755.tmp
O arquivo j  est  sendo usado por outro processo.
C:\Users\Usuario\AppData\Local\Temp\db8e5cc6-b79c-4c26-b13c-f750702f02c5.tmp
O arquivo j  est  sendo usado por outro processo.
C:\Users\Usuario\AppData\Local\Temp\f6fd8e8d-65bf-4bb2-a698-be385b5a2725.tmp
O arquivo j  est  sendo usado por outro processo.
C:\Users\Usuario\AppData\Local\Temp\feb474ae-da39-421f-b2f8-8eaaf91aedaf.tmp
O arquivo j  est  sendo usado por outro processo.
C:\Users\Usuario\AppData\Local\Temp\kdsingleapp-1-owncloud.exe.lock
O arquivo j  est  sendo usado por outro processo.
Arquivo exclu¡do - C:\Users\Usuario\AppData\Local\Temp\NotifyIconGeneratedAumid_1568035057271613451.png

=== Limpando temporários ===
C:\Users\Usuario\AppData\Local\Temp\064f4218-5251-4a58-97e5-64ef625d2572.tmp
O arquivo j  est  sendo usado por outro processo.
C:\Users\Usuario\AppData\Local\Temp\27e0bd27-9b03-4f75-bccb-5fcea64510fb.tmp
O arquivo j  est  sendo usado por outro processo.
C:\Users\Usuario\AppData\Local\Temp\33c8f915-a2e3-4a81-8286-7c39cc414937.tmp
O arquivo j  est  sendo usado por outro processo.
C:\Users\Usuario\AppData\Local\Temp\450a0fb9-4070-4dd5-998b-ee8e3392ca5f.tmp
O arquivo j  est  sendo usado por outro processo.
C:\Users\Usuario\AppData\Local\Temp\7ca390ae-a846-4ee5-a3cb-775aa4a52ae9.tmp
O arquivo j  est  sendo usado por outro processo.
C:\Users\Usuario\AppData\Local\Temp\ab465b4f-5365-440e-9303-3118329d1bc5.tmp
O arquivo j  est  sendo usado por outro processo.
C:\Users\Usuario\AppData\Local\Temp\b00cb378-be37-45f9-b6e9-92c818e373be.tmp
O arquivo j  est  sendo usado por outro processo.
C:\Users\Usuario\AppData\Local\Temp\d144f0f7-aab3-4f8e-b0f1-18fcb728c591.tmp
O arquivo j  est  sendo usado por outro processo.
C:\Users\Usuario\AppData\Local\Temp\d59b0408-7e23-428a-97b1-085bda328755.tmp
O arquivo j  est  sendo usado por outro processo.
C:\Users\Usuario\AppData\Local\Temp\db8e5cc6-b79c-4c26-b13c-f750702f02c5.tmp
O arquivo j  est  sendo usado por outro processo.
C:\Users\Usuario\AppData\Local\Temp\f6fd8e8d-65bf-4bb2-a698-be385b5a2725.tmp
O arquivo j  est  sendo usado por outro processo.
C:\Users\Usuario\AppData\Local\Temp\feb474ae-da39-421f-b2f8-8eaaf91aedaf.tmp
O arquivo j  est  sendo usado por outro processo.
C:\Users\Usuario\AppData\Local\Temp\kdsingleapp-1-owncloud.exe.lock
O arquivo j  est  sendo usado por outro processo.

=== Limpando temporários ===
C:\Users\Usuario\AppData\Local\Temp\064f4218-5251-4a58-97e5-64ef625d2572.tmp
O arquivo j  est  sendo usado por outro processo.
C:\Users\Usuario\AppData\Local\Temp\27e0bd27-9b03-4f75-bccb-5fcea64510fb.tmp
O arquivo j  est  sendo usado por outro processo.
C:\Users\Usuario\AppData\Local\Temp\33c8f915-a2e3-4a81-8286-7c39cc414937.tmp
O arquivo j  est  sendo usado por outro processo.
C:\Users\Usuario\AppData\Local\Temp\450a0fb9-4070-4dd5-998b-ee8e3392ca5f.tmp
O arquivo j  est  sendo usado por outro processo.
C:\Users\Usuario\AppData\Local\Temp\7ca390ae-a846-4ee5-a3cb-775aa4a52ae9.tmp
O arquivo j  est  sendo usado por outro processo.
C:\Users\Usuario\AppData\Local\Temp\ab465b4f-5365-440e-9303-3118329d1bc5.tmp
O arquivo j  est  sendo usado por outro processo.
C:\Users\Usuario\AppData\Local\Temp\b00cb378-be37-45f9-b6e9-92c818e373be.tmp
O arquivo j  est  sendo usado por outro processo.
C:\Users\Usuario\AppData\Local\Temp\d144f0f7-aab3-4f8e-b0f1-18fcb728c591.tmp
O arquivo j  est  sendo usado por outro processo.
C:\Users\Usuario\AppData\Local\Temp\d59b0408-7e23-428a-97b1-085bda328755.tmp
O arquivo j  est  sendo usado por outro processo.
C:\Users\Usuario\AppData\Local\Temp\db8e5cc6-b79c-4c26-b13c-f750702f02c5.tmp
O arquivo j  est  sendo usado por outro processo.
C:\Users\Usuario\AppData\Local\Temp\f6fd8e8d-65bf-4bb2-a698-be385b5a2725.tmp
O arquivo j  est  sendo usado por outro processo.
C:\Users\Usuario\AppData\Local\Temp\feb474ae-da39-421f-b2f8-8eaaf91aedaf.tmp
O arquivo j  est  sendo usado por outro processo.
C:\Users\Usuario\AppData\Local\Temp\kdsingleapp-1-owncloud.exe.lock
O arquivo j  est  sendo usado por outro processo.
